============================= test session starts =============================
platform win32 -- Python 3.12.6, pytest-9.0.3, pluggy-1.6.0
rootdir: C:\Users\user\Downloads\Mirror-Content-main
plugins: anyio-4.11.0
collected 0 items / 1 error

=================================== ERRORS ====================================
_______________ ERROR collecting tests/test_visual_analysis.py ________________
tests\test_visual_analysis.py:10: in <module>
    from ai.engine.benchmark_engine import BenchmarkEngine
ai\engine\benchmark_engine.py:6: in <module>
    from pinecone import Pinecone
..\..\AppData\Local\Programs\Python\Python312\Lib\site-packages\pinecone\__init__.py:5: in <module>
    raise Exception(
E   Exception: The official Pinecone python package has been renamed from `pinecone-client` to `pinecone`. Please remove `pinecone-client` from your project dependencies and add `pinecone` instead. See the README at https://github.com/pinecone-io/pinecone-python-client for more information on using the python SDK.
=========================== short test summary info ===========================
ERROR tests/test_visual_analysis.py - Exception: The official Pinecone python...
!!!!!!!!!!!!!!!!!!! Interrupted: 1 error during collection !!!!!!!!!!!!!!!!!!!!
============================== 1 error in 0.39s ===============================
